<?xml version="1.0" encoding="UTF-8"?>
<testsuite name="StatementPrinterTests" tests="9" skipped="0" failures="0" errors="0" timestamp="2023-10-30T20:28:24" hostname="DESKTOP-G1D1P25" time="0.315">
  <properties/>
  <testcase name="testAudience20ForComedy()" classname="StatementPrinterTests" time="0.049"/>
  <testcase name="exampleStatement()" classname="StatementPrinterTests" time="0.181"/>
  <testcase name="statementWithNewPlayTypes()" classname="StatementPrinterTests" time="0.009"/>
  <testcase name="testLoyaltyPointsDiscountAppliedhtml()" classname="StatementPrinterTests" time="0.004"/>
  <testcase name="testLoyaltyPointsDiscountAppliedtext()" classname="StatementPrinterTests" time="0.001"/>
  <testcase name="testAudience20ForComedyhtml()" classname="StatementPrinterTests" time="0.001"/>
  <testcase name="testAudience30ForTragedyHtml()" classname="StatementPrinterTests" time="0.001"/>
  <testcase name="testAudience30ForTragedy()" classname="StatementPrinterTests" time="0.001"/>
  <testcase name="exampleHtmlStatement()" classname="StatementPrinterTests" time="0.062"/>
  <system-out><![CDATA[]]></system-out>
  <system-err><![CDATA[]]></system-err>
</testsuite>
