<?xml version="1.0" encoding="UTF-8"?>
<testsuite name="StatementPrinterTests" tests="6" skipped="0" failures="0" errors="0" timestamp="2023-10-30T19:58:01" hostname="DESKTOP-G1D1P25" time="0.288">
  <properties/>
  <testcase name="testAudience20ForComedy()" classname="StatementPrinterTests" time="0.044"/>
  <testcase name="exampleStatement()" classname="StatementPrinterTests" time="0.176"/>
  <testcase name="testAudience20ForComedyhtml()" classname="StatementPrinterTests" time="0.01"/>
  <testcase name="testAudience30ForTragedyhtml()" classname="StatementPrinterTests" time="0.001"/>
  <testcase name="testAudience30ForTragedy()" classname="StatementPrinterTests" time="0.001"/>
  <testcase name="exampleHtmlStatement()" classname="StatementPrinterTests" time="0.053"/>
  <system-out><![CDATA[]]></system-out>
  <system-err><![CDATA[]]></system-err>
</testsuite>
