<?xml version="1.0" encoding="UTF-8"?>
<testsuite name="StatementPrinterTests" tests="2" skipped="0" failures="0" errors="0" timestamp="2023-10-30T18:50:23" hostname="DESKTOP-G1D1P25" time="0.225">
  <properties/>
  <testcase name="exampleStatement()" classname="StatementPrinterTests" time="0.216"/>
  <testcase name="statementWithNewPlayTypes()" classname="StatementPrinterTests" time="0.008"/>
  <system-out><![CDATA[]]></system-out>
  <system-err><![CDATA[]]></system-err>
</testsuite>
